<?xml version="1.0" encoding="UTF-8"?>
<testng-results ignored="0" total="6" passed="6" failed="0" skipped="0">
  <reporter-output>
  </reporter-output>
  <suite started-at="2025-07-20T22:07:22 BST" name="Cucumber Suite" finished-at="2025-07-20T22:15:37 BST" duration-ms="495422">
    <groups>
      <group name="cucumber">
        <method signature="AbstractTestNGCucumberTests.runScenario(io.cucumber.testng.PickleWrapper,io.cucumber.testng.FeatureWrapper)[pri:0, instance:runners.TestRunner@7bd7d6d6]" name="runScenario" class="io.cucumber.testng.AbstractTestNGCucumberTests"/>
      </group> <!-- cucumber -->
    </groups>
    <test started-at="2025-07-20T22:07:22 BST" name="Cucumber Test" finished-at="2025-07-20T22:15:37 BST" duration-ms="495422">
      <class name="runners.TestRunner">
        <test-method is-config="true" signature="setUpClass(org.testng.ITestContext)[pri:0, instance:runners.TestRunner@7bd7d6d6]" started-at="2025-07-20T22:07:22 BST" name="setUpClass" finished-at="2025-07-20T22:07:22 BST" duration-ms="296" status="PASS">
          <params>
            <param index="0">
              <value>
                <![CDATA[org.testng.TestRunner@5c00384f]]>
              </value>
            </param>
          </params>
          <reporter-output>
          </reporter-output>
        </test-method> <!-- setUpClass -->
        <test-method signature="runScenario(io.cucumber.testng.PickleWrapper,io.cucumber.testng.FeatureWrapper)[pri:0, instance:runners.TestRunner@7bd7d6d6]" started-at="2025-07-20T22:07:22 BST" name="runScenario" description="Runs Cucumber Scenarios" data-provider="scenarios" finished-at="2025-07-20T22:15:37 BST" duration-ms="495070" status="PASS">
          <params>
            <param index="0">
              <value>
                <![CDATA["Find hospitals in Bangalore that are open 24/7, have parking, and rating > 3.5"]]>
              </value>
            </param>
            <param index="1">
              <value>
                <![CDATA["Hospital Search on Practo"]]>
              </value>
            </param>
          </params>
          <reporter-output>
          </reporter-output>
        </test-method> <!-- runScenario -->
        <test-method signature="runScenario(io.cucumber.testng.PickleWrapper,io.cucumber.testng.FeatureWrapper)[pri:0, instance:runners.TestRunner@7bd7d6d6]" started-at="2025-07-20T22:07:22 BST" name="runScenario" description="Runs Cucumber Scenarios" data-provider="scenarios" finished-at="2025-07-20T22:07:27 BST" duration-ms="5586" status="PASS">
          <params>
            <param index="0">
              <value>
                <![CDATA["Screen reader compatibility"]]>
              </value>
            </param>
            <param index="1">
              <value>
                <![CDATA["Accessibility Testing on Practo"]]>
              </value>
            </param>
          </params>
          <reporter-output>
          </reporter-output>
        </test-method> <!-- runScenario -->
        <test-method signature="runScenario(io.cucumber.testng.PickleWrapper,io.cucumber.testng.FeatureWrapper)[pri:0, instance:runners.TestRunner@7bd7d6d6]" started-at="2025-07-20T22:07:22 BST" name="runScenario" description="Runs Cucumber Scenarios" data-provider="scenarios" finished-at="2025-07-20T22:07:31 BST" duration-ms="9197" status="PASS">
          <params>
            <param index="0">
              <value>
                <![CDATA["Capture top diagnostics cities"]]>
              </value>
            </param>
            <param index="1">
              <value>
                <![CDATA["Hospital Search on Practo"]]>
              </value>
            </param>
          </params>
          <reporter-output>
          </reporter-output>
        </test-method> <!-- runScenario -->
        <test-method signature="runScenario(io.cucumber.testng.PickleWrapper,io.cucumber.testng.FeatureWrapper)[pri:0, instance:runners.TestRunner@7bd7d6d6]" started-at="2025-07-20T22:07:22 BST" name="runScenario" description="Runs Cucumber Scenarios" data-provider="scenarios" finished-at="2025-07-20T22:07:37 BST" duration-ms="15575" status="PASS">
          <params>
            <param index="0">
              <value>
                <![CDATA["Skip to content link presence"]]>
              </value>
            </param>
            <param index="1">
              <value>
                <![CDATA["Accessibility Testing on Practo"]]>
              </value>
            </param>
          </params>
          <reporter-output>
          </reporter-output>
        </test-method> <!-- runScenario -->
        <test-method signature="runScenario(io.cucumber.testng.PickleWrapper,io.cucumber.testng.FeatureWrapper)[pri:0, instance:runners.TestRunner@7bd7d6d6]" started-at="2025-07-20T22:07:22 BST" name="runScenario" description="Runs Cucumber Scenarios" data-provider="scenarios" finished-at="2025-07-20T22:07:30 BST" duration-ms="8546" status="PASS">
          <params>
            <param index="0">
              <value>
                <![CDATA["Invalid submission on Corporate Wellness page"]]>
              </value>
            </param>
            <param index="1">
              <value>
                <![CDATA["Hospital Search on Practo"]]>
              </value>
            </param>
          </params>
          <reporter-output>
          </reporter-output>
        </test-method> <!-- runScenario -->
        <test-method signature="runScenario(io.cucumber.testng.PickleWrapper,io.cucumber.testng.FeatureWrapper)[pri:0, instance:runners.TestRunner@7bd7d6d6]" started-at="2025-07-20T22:07:22 BST" name="runScenario" description="Runs Cucumber Scenarios" data-provider="scenarios" finished-at="2025-07-20T22:07:28 BST" duration-ms="5693" status="PASS">
          <params>
            <param index="0">
              <value>
                <![CDATA["Keyboard-only accessibility"]]>
              </value>
            </param>
            <param index="1">
              <value>
                <![CDATA["Accessibility Testing on Practo"]]>
              </value>
            </param>
          </params>
          <reporter-output>
          </reporter-output>
        </test-method> <!-- runScenario -->
        <test-method is-config="true" signature="tearDownClass()[pri:0, instance:runners.TestRunner@7bd7d6d6]" started-at="2025-07-20T22:15:37 BST" name="tearDownClass" finished-at="2025-07-20T22:15:37 BST" duration-ms="35" status="PASS">
          <reporter-output>
          </reporter-output>
        </test-method> <!-- tearDownClass -->
      </class> <!-- runners.TestRunner -->
    </test> <!-- Cucumber Test -->
  </suite> <!-- Cucumber Suite -->
</testng-results>
