<?xml version="1.0" encoding="UTF-8"?>
<testsuite xmlns:xsi="http://www.w3.org/2001/XMLSchema-instance" xsi:noNamespaceSchemaLocation="https://maven.apache.org/surefire/maven-surefire-plugin/xsd/surefire-test-report-3.0.xsd" version="3.0" name="TestSuite" time="504.947" tests="6" errors="0" skipped="0" failures="0">
  <properties>
[...]
</properties>
  <testcase name="runScenario[&quot;Screen reader compatibility&quot;, &quot;Accessibility Testing on Practo&quot;](1)" classname="runners.TestRunner" time="3.88">
    <system-out><![CDATA[
Scenario: Invalid submission on Corporate Wellness page # src/test/java/features/HospitalSearch.feature:15

Scenario: Skip to content link presence                # src/test/java/features/Accessibility.feature:11

Scenario: Screen reader compatibility                                       # src/test/java/features/Accessibility.feature:3

Scenario: Find hospitals in Bangalore that are open 24/7, have parking, and rating > 3.5 # src/test/java/features/HospitalSearch.feature:3

Scenario: Capture top diagnostics cities   # src/test/java/features/HospitalSearch.feature:9

Scenario: Keyboard-only accessibility                   # src/test/java/features/Accessibility.feature:7
[Thread 38] - openPractoHomepage
[Thread 40] - goToCorporateWellness
[Thread 39] - goToDiagnosticsPage
  Given I am on the homepage for accessibility testing                      # stepdefinitions.AccessibilitySteps.openHomePageForAccessibility()
ARIA attributes present: true
  Then the page should have ARIA attributes for screen reader compatibility # stepdefinitions.AccessibilitySteps.checkAriaAttributes()
  Given I open Practo homepage                                                           # stepdefinitions.HospitalSteps.openPractoHomepage()
[Thread 38] - searchForHospitals
  Given I am on the homepage for accessibility testing # stepdefinitions.AccessibilitySteps.openHomePageForAccessibility()
  Given I am on the homepage for accessibility testing  # stepdefinitions.AccessibilitySteps.openHomePageForAccessibility()
]]></system-out>
    <system-err><![CDATA[SLF4J: Failed to load class "org.slf4j.impl.StaticLoggerBinder".
SLF4J: Defaulting to no-operation (NOP) logger implementation
SLF4J: See http://www.slf4j.org/codes.html#StaticLoggerBinder for further details.
Jul 16, 2025 1:05:01 PM org.openqa.selenium.devtools.CdpVersionFinder findNearestMatch
WARNING: Unable to find CDP implementation matching 138
Jul 16, 2025 1:05:01 PM org.openqa.selenium.chromium.ChromiumDriver lambda$new$5
WARNING: Unable to find version of CDP to use for 138.0.7204.157. You may need to include a dependency on a specific version of the CDP using something similar to `org.seleniumhq.selenium:selenium-devtools-v86:4.19.1` where the version ("v86") matches the version of the chromium-based browser you're using and the version number of the artifact is the same as Selenium's.
Jul 16, 2025 1:05:01 PM org.openqa.selenium.devtools.CdpVersionFinder findNearestMatch
WARNING: Unable to find CDP implementation matching 138
Jul 16, 2025 1:05:01 PM org.openqa.selenium.devtools.CdpVersionFinder findNearestMatch
WARNING: Unable to find CDP implementation matching 138
Jul 16, 2025 1:05:01 PM org.openqa.selenium.chromium.ChromiumDriver lambda$new$5
WARNING: Unable to find version of CDP to use for 138.0.7204.157. You may need to include a dependency on a specific version of the CDP using something similar to `org.seleniumhq.selenium:selenium-devtools-v86:4.19.1` where the version ("v86") matches the version of the chromium-based browser you're using and the version number of the artifact is the same as Selenium's.
Jul 16, 2025 1:05:01 PM org.openqa.selenium.devtools.CdpVersionFinder findNearestMatch
WARNING: Unable to find CDP implementation matching 138
Jul 16, 2025 1:05:01 PM org.openqa.selenium.chromium.ChromiumDriver lambda$new$5
WARNING: Unable to find version of CDP to use for 138.0.7204.157. You may need to include a dependency on a specific version of the CDP using something similar to `org.seleniumhq.selenium:selenium-devtools-v86:4.19.1` where the version ("v86") matches the version of the chromium-based browser you're using and the version number of the artifact is the same as Selenium's.
Jul 16, 2025 1:05:01 PM org.openqa.selenium.chromium.ChromiumDriver lambda$new$5
WARNING: Unable to find version of CDP to use for 138.0.7204.157. You may need to include a dependency on a specific version of the CDP using something similar to `org.seleniumhq.selenium:selenium-devtools-v86:4.19.1` where the version ("v86") matches the version of the chromium-based browser you're using and the version number of the artifact is the same as Selenium's.
Jul 16, 2025 1:05:01 PM org.openqa.selenium.devtools.CdpVersionFinder findNearestMatch
WARNING: Unable to find CDP implementation matching 138
Jul 16, 2025 1:05:01 PM org.openqa.selenium.chromium.ChromiumDriver lambda$new$5
WARNING: Unable to find version of CDP to use for 138.0.7204.157. You may need to include a dependency on a specific version of the CDP using something similar to `org.seleniumhq.selenium:selenium-devtools-v86:4.19.1` where the version ("v86") matches the version of the chromium-based browser you're using and the version number of the artifact is the same as Selenium's.
Jul 16, 2025 1:05:01 PM org.openqa.selenium.devtools.CdpVersionFinder findNearestMatch
WARNING: Unable to find CDP implementation matching 138
Jul 16, 2025 1:05:01 PM org.openqa.selenium.chromium.ChromiumDriver lambda$new$5
WARNING: Unable to find version of CDP to use for 138.0.7204.157. You may need to include a dependency on a specific version of the CDP using something similar to `org.seleniumhq.selenium:selenium-devtools-v86:4.19.1` where the version ("v86") matches the version of the chromium-based browser you're using and the version number of the artifact is the same as Selenium's.
]]></system-err>
  </testcase>
  <testcase name="runScenario[&quot;Keyboard-only accessibility&quot;, &quot;Accessibility Testing on Practo&quot;](2)" classname="runners.TestRunner" time="4.092">
    <system-out><![CDATA[Tabbable elements present: true
  Then the page should be navigable using keyboard only # stepdefinitions.AccessibilitySteps.checkKeyboardAccessibility()
]]></system-out>
  </testcase>
  <testcase name="runScenario[&quot;Capture top diagnostics cities&quot;, &quot;Hospital Search on Practo&quot;](3)" classname="runners.TestRunner" time="6.542">
    <system-out><![CDATA[  Given I navigate to the Corporate Wellness page       # stepdefinitions.HospitalSteps.goToCorporateWellness()
[Thread 40] - fillInvalidForm
  Given I navigate to the Diagnostics page # stepdefinitions.HospitalSteps.goToDiagnosticsPage()
[Thread 39] - extractCities
Top Diagnostic Cities written to: E:\Downloads-Personal\PractoHospitalFinderNew\diagnostic_cities.txt
Top Diagnostic Cities:
 - Bangalore
 - Delhi
 - Mumbai
 - Chennai
 - Hyderabad
 - Kolkata
 - Pune
 - Ahmedabad
  When I extract the list of top cities    # stepdefinitions.HospitalSteps.extractCities()
[Thread 39] - displayCities
  Then I display them in the console       # stepdefinitions.HospitalSteps.displayCities()
]]></system-out>
  </testcase>
  <testcase name="runScenario[&quot;Invalid submission on Corporate Wellness page&quot;, &quot;Hospital Search on Practo&quot;](4)" classname="runners.TestRunner" time="6.96">
    <system-out><![CDATA[  When I fill the form with invalid data                # stepdefinitions.HospitalSteps.fillInvalidForm()
[Thread 40] - clickScheduleDemo
Schedule a demo button is correctly not clickable due to invalid data.
  And I click on Schedule a demo                        # stepdefinitions.HospitalSteps.clickScheduleDemo()
[Thread 40] - captureWarning
Contact number input error class present: true
Schedule a demo button disabled: true, has grey class: true
  Then I capture and display the warning message        # stepdefinitions.HospitalSteps.captureWarning()
]]></system-out>
  </testcase>
  <testcase name="runScenario[&quot;Skip to content link presence&quot;, &quot;Accessibility Testing on Practo&quot;](5)" classname="runners.TestRunner" time="13.872">
    <system-out><![CDATA[Skip to content link present: false
[Accessibility Warning] No skip to content link found. Test will not fail.
  Then the page should have a skip to content link     # stepdefinitions.AccessibilitySteps.checkSkipToContentLink()
]]></system-out>
  </testcase>
  <testcase name="runScenario[&quot;Find hospitals in Bangalore that are open 24/7, have parking, and rating &gt; 3.5&quot;, &quot;Hospital Search on Practo&quot;](6)" classname="runners.TestRunner" time="504.304">
    <system-out><![CDATA[[DEBUG] Suggestions for 'Hospital':
  - [1] main: 'Eye Hospital', right: 'COMMON NAME'
  - [2] main: 'Hospital Acquired Infection', right: 'SYMPTOM'
  - [3] main: 'Hospital Dentist', right: 'SPECIALITY'
  - [4] main: 'Hospital', right: 'TYPE'
  - [5] main: 'Hospital Psychologist', right: 'SPECIALITY'
  - [6] main: 'Doctors Named Hosp', right: ''
  - [7] main: 'Clinics Named Hosp', right: ''
  - [8] main: 'Hospitals Named Hosp', right: ''
[DEBUG] Clicking suggestion #4: Hospital
TYPE
[DEBUG] Final search box value: hospital
  When I search for "Hospitals in Bangalore"                                             # stepdefinitions.HospitalSteps.searchForHospitals(java.lang.String)
[Thread 38] - i_apply_filters_for_service_and_parking
⚠️ Could not find 24x7 filter label
⚠️ Could not find Parking filter label
  And I apply filters for 24/7 service and parking                                       # stepdefinitions.HospitalSteps.i_apply_filters_for_service_and_parking(java.lang.Integer,java.lang.Integer)
[Thread 38] - extractHospitals
[INFO] Closed consent/cookie popup with absolute XPath.
✅ Manipal Hospital Varthur Road (formerly Columbia Asia Hospital) - Rating: 4.0 [Open 24x7, Parking]
✅ Manipal Hospitals - Rating: 4.0 [Open 24x7, Parking]
✅ Motherhood Hospital - Rating: 4.5 [Open 24x7, Parking]
✅ Koshys Hospital - Rating: 4.0 [Open 24x7, Parking]
✅ Navachethana Hospital - Rating: 3.5 [Open 24x7, Parking]

Results also written to: E:\Downloads-Personal\PractoHospitalFinderNew\hospitals_output.txt
  Then I should see a list of hospitals with rating greater than 3.5                     # stepdefinitions.HospitalSteps.extractHospitals()
]]></system-out>
  </testcase>
</testsuite>